0 info it worked if it ends with ok
1 verbose cli [ '/usr/local/bin/node',
1 verbose cli   '/usr/local/bin/npm',
1 verbose cli   'install',
1 verbose cli   'express-device--save' ]
2 info using npm@5.6.0
3 info using node@v9.2.0
4 verbose npm-session fddbeea14c0d8278
5 silly install loadCurrentTree
6 silly install readLocalPackageData
7 http fetch GET 404 https://registry.npmjs.org/express-device--save 830ms
8 silly fetchPackageMetaData error for express-device--save@latest 404 Not Found: express-device--save@latest
9 verbose stack Error: 404 Not Found: express-device--save@latest
9 verbose stack     at fetch.then.res (/usr/local/lib/node_modules/npm/node_modules/pacote/lib/fetchers/registry/fetch.js:42:19)
9 verbose stack     at tryCatcher (/usr/local/lib/node_modules/npm/node_modules/bluebird/js/release/util.js:16:23)
9 verbose stack     at Promise._settlePromiseFromHandler (/usr/local/lib/node_modules/npm/node_modules/bluebird/js/release/promise.js:512:31)
9 verbose stack     at Promise._settlePromise (/usr/local/lib/node_modules/npm/node_modules/bluebird/js/release/promise.js:569:18)
9 verbose stack     at Promise._settlePromise0 (/usr/local/lib/node_modules/npm/node_modules/bluebird/js/release/promise.js:614:10)
9 verbose stack     at Promise._settlePromises (/usr/local/lib/node_modules/npm/node_modules/bluebird/js/release/promise.js:693:18)
9 verbose stack     at Async._drainQueue (/usr/local/lib/node_modules/npm/node_modules/bluebird/js/release/async.js:133:16)
9 verbose stack     at Async._drainQueues (/usr/local/lib/node_modules/npm/node_modules/bluebird/js/release/async.js:143:10)
9 verbose stack     at Immediate.Async.drainQueues [as _onImmediate] (/usr/local/lib/node_modules/npm/node_modules/bluebird/js/release/async.js:17:14)
9 verbose stack     at runCallback (timers.js:800:20)
9 verbose stack     at tryOnImmediate (timers.js:762:5)
9 verbose stack     at processImmediate [as _immediateCallback] (timers.js:733:5)
10 verbose cwd /home/ubuntu/node/moneybank
11 verbose Linux 4.4.0-1039-aws
12 verbose argv "/usr/local/bin/node" "/usr/local/bin/npm" "install" "express-device--save"
13 verbose node v9.2.0
14 verbose npm  v5.6.0
15 error code E404
16 error 404 Not Found: express-device--save@latest
17 verbose exit [ 1, true ]
